=C:\Users\crama\Desktop\Klippr-Customer\.superpowers\brainstorm\manual-20260701114553 : El término 
'=C:\Users\crama\Desktop\Klippr-Customer\.superpowers\brainstorm\manual-20260701114553' no se reconoce como nombre de 
un cmdlet, función, archivo de script o programa ejecutable. Compruebe si escribió correctamente el nombre o, si 
incluyó una ruta de acceso, compruebe que dicha ruta es correcta e inténtelo de nuevo.
En lĪnea: 1 CarĀcter: 1
+ ='C:\Users\crama\Desktop\Klippr-Customer\.superpowers\brainstorm\manu ...
+ ~~~~~~~~~~~~~~~~~~~~~~~~~~~~~~~~~~~~~~~~~~~~~~~~~~~~~~~~~~~~~~~~~~~~~
    + CategoryInfo          : ObjectNotFound: (=C:\Users\crama...-20260701114553:String) [], CommandNotFoundException
    + FullyQualifiedErrorId : CommandNotFoundException
 
=127.0.0.1 : El término '=127.0.0.1' no se reconoce como nombre de un cmdlet, función, archivo de script o programa 
ejecutable. Compruebe si escribió correctamente el nombre o, si incluyó una ruta de acceso, compruebe que dicha ruta 
es correcta e inténtelo de nuevo.
En lĪnea: 1 CarĀcter: 90
+ ... \.superpowers\brainstorm\manual-20260701114553'; ='127.0.0.1'; ='loca ...
+                                                      ~~~~~~~~~~~~
    + CategoryInfo          : ObjectNotFound: (=127.0.0.1:String) [], CommandNotFoundException
    + FullyQualifiedErrorId : CommandNotFoundException
 
=localhost : El término '=localhost' no se reconoce como nombre de un cmdlet, función, archivo de script o programa 
ejecutable. Compruebe si escribió correctamente el nombre o, si incluyó una ruta de acceso, compruebe que dicha ruta 
es correcta e inténtelo de nuevo.
En lĪnea: 1 CarĀcter: 104
+ ... brainstorm\manual-20260701114553'; ='127.0.0.1'; ='localhost'; ='1858 ...
+                                                      ~~~~~~~~~~~~
    + CategoryInfo          : ObjectNotFound: (=localhost:String) [], CommandNotFoundException
    + FullyQualifiedErrorId : CommandNotFoundException
 
=18584 : El término '=18584' no se reconoce como nombre de un cmdlet, función, archivo de script o programa 
ejecutable. Compruebe si escribió correctamente el nombre o, si incluyó una ruta de acceso, compruebe que dicha ruta 
es correcta e inténtelo de nuevo.
En lĪnea: 1 CarĀcter: 118
+ ... \manual-20260701114553'; ='127.0.0.1'; ='localhost'; ='18584'; node ' ...
+                                                          ~~~~~~~~
    + CategoryInfo          : ObjectNotFound: (=18584:String) [], CommandNotFoundException
    + FullyQualifiedErrorId : CommandNotFoundException
 
